[debug] [2021-08-18T18:49:09.830Z] ----------------------------------------------------------------------
[debug] [2021-08-18T18:49:09.832Z] Command:       /usr/local/bin/node /usr/local/bin/firebase deploy
[debug] [2021-08-18T18:49:09.832Z] CLI Version:   9.16.5
[debug] [2021-08-18T18:49:09.832Z] Platform:      darwin
[debug] [2021-08-18T18:49:09.832Z] Node Version:  v14.15.0
[debug] [2021-08-18T18:49:09.833Z] Time:          Thu Aug 19 2021 01:49:09 GMT+0700 (Western Indonesia Time)
[debug] [2021-08-18T18:49:09.833Z] ----------------------------------------------------------------------
[debug] 
[debug] [2021-08-18T18:49:09.886Z] > command requires scopes: ["email","openid","https://www.googleapis.com/auth/cloudplatformprojects.readonly","https://www.googleapis.com/auth/firebase","https://www.googleapis.com/auth/cloud-platform"]
[debug] [2021-08-18T18:49:09.887Z] > authorizing via signed-in user (antonkurniawanlie5758@gmail.com)
[debug] [2021-08-18T18:49:09.887Z] [iam] checking project pokemon-app-f443e for permissions ["firebase.projects.get","firebasehosting.sites.update"]
[debug] [2021-08-18T18:49:09.889Z] >>> HTTP REQUEST POST https://cloudresourcemanager.googleapis.com/v1/projects/pokemon-app-f443e:testIamPermissions  
 {"permissions":["firebase.projects.get","firebasehosting.sites.update"]}
[debug] [2021-08-18T18:49:11.118Z] <<< HTTP RESPONSE 200 {"content-type":"application/json; charset=UTF-8","vary":"X-Origin, Referer, Origin,Accept-Encoding","date":"Wed, 18 Aug 2021 18:49:11 GMT","server":"ESF","cache-control":"private","x-xss-protection":"0","x-frame-options":"SAMEORIGIN","x-content-type-options":"nosniff","server-timing":"gfet4t7; dur=985","alt-svc":"h3=\":443\"; ma=2592000,h3-29=\":443\"; ma=2592000,h3-T051=\":443\"; ma=2592000,h3-Q050=\":443\"; ma=2592000,h3-Q046=\":443\"; ma=2592000,h3-Q043=\":443\"; ma=2592000,quic=\":443\"; ma=2592000; v=\"46,43\"","accept-ranges":"none","transfer-encoding":"chunked"}
[debug] [2021-08-18T18:49:11.120Z] > refreshing access token with scopes: []
[debug] [2021-08-18T18:49:11.120Z] >>> HTTP REQUEST POST https://www.googleapis.com/oauth2/v3/token  
 <request body omitted>
[debug] [2021-08-18T18:49:11.297Z] <<< HTTP RESPONSE 200 {"date":"Wed, 18 Aug 2021 18:49:11 GMT","expires":"Mon, 01 Jan 1990 00:00:00 GMT","cache-control":"no-cache, no-store, max-age=0, must-revalidate","pragma":"no-cache","content-type":"application/json; charset=utf-8","vary":"X-Origin, Referer, Origin,Accept-Encoding","server":"scaffolding on HTTPServer2","x-xss-protection":"0","x-frame-options":"SAMEORIGIN","x-content-type-options":"nosniff","alt-svc":"h3=\":443\"; ma=2592000,h3-29=\":443\"; ma=2592000,h3-T051=\":443\"; ma=2592000,h3-Q050=\":443\"; ma=2592000,h3-Q046=\":443\"; ma=2592000,h3-Q043=\":443\"; ma=2592000,quic=\":443\"; ma=2592000; v=\"46,43\"","accept-ranges":"none","transfer-encoding":"chunked"}
[debug] [2021-08-18T18:49:11.352Z] >>> [apiv2][query] GET https://firebase.googleapis.com/v1beta1/projects/pokemon-app-f443e [none]
[debug] [2021-08-18T18:49:11.827Z] <<< [apiv2][status] GET https://firebase.googleapis.com/v1beta1/projects/pokemon-app-f443e 200
[debug] [2021-08-18T18:49:11.827Z] <<< [apiv2][body] GET https://firebase.googleapis.com/v1beta1/projects/pokemon-app-f443e {"projectId":"pokemon-app-f443e","projectNumber":"381814875345","displayName":"pokemon-app","name":"projects/pokemon-app-f443e","resources":{"hostingSite":"pokemon-app-f443e"},"state":"ACTIVE"}
[info] 
[info] === Deploying to 'pokemon-app-f443e'...
[info] 
[info] i  deploying hosting 
[debug] [2021-08-18T18:49:11.831Z] > refreshing access token with scopes: ["email","https://www.googleapis.com/auth/cloud-platform","https://www.googleapis.com/auth/cloudplatformprojects.readonly","https://www.googleapis.com/auth/firebase","openid"]
[debug] [2021-08-18T18:49:11.831Z] >>> HTTP REQUEST POST https://www.googleapis.com/oauth2/v3/token  
 <request body omitted>
[debug] [2021-08-18T18:49:11.963Z] <<< HTTP RESPONSE 200 {"date":"Wed, 18 Aug 2021 18:49:12 GMT","pragma":"no-cache","cache-control":"no-cache, no-store, max-age=0, must-revalidate","expires":"Mon, 01 Jan 1990 00:00:00 GMT","content-type":"application/json; charset=utf-8","vary":"X-Origin, Referer, Origin,Accept-Encoding","server":"scaffolding on HTTPServer2","x-xss-protection":"0","x-frame-options":"SAMEORIGIN","x-content-type-options":"nosniff","alt-svc":"h3=\":443\"; ma=2592000,h3-29=\":443\"; ma=2592000,h3-T051=\":443\"; ma=2592000,h3-Q050=\":443\"; ma=2592000,h3-Q046=\":443\"; ma=2592000,h3-Q043=\":443\"; ma=2592000,quic=\":443\"; ma=2592000; v=\"46,43\"","accept-ranges":"none","transfer-encoding":"chunked"}
[debug] [2021-08-18T18:49:12.008Z] >>> HTTP REQUEST POST https://firebasehosting.googleapis.com/v1beta1/sites/pokemon-app-f443e/versions  
 {"config":{"rewrites":[{"glob":"**","path":"/index.html"}]},"labels":{"deployment-tool":"cli-firebase"}}
[debug] [2021-08-18T18:49:13.659Z] <<< HTTP RESPONSE 200 {"content-type":"application/json; charset=UTF-8","vary":"X-Origin, Referer, Origin,Accept-Encoding","date":"Wed, 18 Aug 2021 18:49:13 GMT","server":"ESF","cache-control":"private","x-xss-protection":"0","x-frame-options":"SAMEORIGIN","x-content-type-options":"nosniff","alt-svc":"h3=\":443\"; ma=2592000,h3-29=\":443\"; ma=2592000,h3-T051=\":443\"; ma=2592000,h3-Q050=\":443\"; ma=2592000,h3-Q046=\":443\"; ma=2592000,h3-Q043=\":443\"; ma=2592000,quic=\":443\"; ma=2592000; v=\"46,43\"","accept-ranges":"none","transfer-encoding":"chunked"}
[info] i  hosting[pokemon-app-f443e]: beginning deploy... 
[info] i  hosting[pokemon-app-f443e]: found 30 files in build 
[debug] [2021-08-18T18:49:14.003Z] > refreshing access token with scopes: []
[debug] [2021-08-18T18:49:14.003Z] >>> HTTP REQUEST POST https://www.googleapis.com/oauth2/v3/token  
 <request body omitted>
[debug] [2021-08-18T18:49:14.005Z] [hosting] hash cache [YnVpbGQ] stored for 30 files
[debug] [2021-08-18T18:49:14.005Z] [hosting][hash queue][FINAL] {"max":322,"min":23,"avg":51.33333333333333,"active":0,"complete":30,"success":30,"errored":0,"retried":0,"total":30,"elapsed":329}
[debug] [2021-08-18T18:49:14.134Z] <<< HTTP RESPONSE 200 {"date":"Wed, 18 Aug 2021 18:49:14 GMT","expires":"Mon, 01 Jan 1990 00:00:00 GMT","pragma":"no-cache","cache-control":"no-cache, no-store, max-age=0, must-revalidate","content-type":"application/json; charset=utf-8","vary":"X-Origin, Referer, Origin,Accept-Encoding","server":"scaffolding on HTTPServer2","x-xss-protection":"0","x-frame-options":"SAMEORIGIN","x-content-type-options":"nosniff","alt-svc":"h3=\":443\"; ma=2592000,h3-29=\":443\"; ma=2592000,h3-T051=\":443\"; ma=2592000,h3-Q050=\":443\"; ma=2592000,h3-Q046=\":443\"; ma=2592000,h3-Q043=\":443\"; ma=2592000,quic=\":443\"; ma=2592000; v=\"46,43\"","accept-ranges":"none","transfer-encoding":"chunked"}
[debug] [2021-08-18T18:49:14.179Z] >>> [apiv2][query] POST https://firebasehosting.googleapis.com/v1beta1/sites/pokemon-app-f443e/versions/21c63dd97d0dfc12:populateFiles [none]
[debug] [2021-08-18T18:49:14.179Z] >>> [apiv2][body] POST https://firebasehosting.googleapis.com/v1beta1/sites/pokemon-app-f443e/versions/21c63dd97d0dfc12:populateFiles {"files":{"/asset-manifest.json":"06aecca62abe79d3a6475d905973c614433f308e3b9748d0860c6ecfee7d62fe","/favicon-16x16.png":"7072b2c591fb3729a9c55f055ab46c039ace5864bd39a59f4af4d3e88b523146","/index.html":"008b713c1f6857e2675afd744005d68fb323afedb1ccb0f7c066444c7904f0e0","/favicon-32x32.png":"b866779e787f04b1b71de7e58a32e94f4c3c81ce3f3cb8bc553586b7c0ddf089","/robots.txt":"391d14b3c2f8c9143a27a28c7399585142228d4d1bdbe2c87ac946de411fa9a2","/manifest.json":"1f829d89e1ab2557dd97cb85985517fa7b495396d257c7d8d6d63d98acd20a3b","/static/css/main.518ce94c.chunk.css":"14901043865676962b3d4da1e3aefd36fc714e71383b438828369a57e3c4a82d","/static/js/2.9869a2fe.chunk.js.LICENSE.txt":"65ad4aaf02f077969d3f7bdad43585222122015a603b428aafa0fa7791525d54","/site.webmanifest":"438eab4e1bab8df855faa047301dcd8cce4c8a815a1527502b0efc2270ad77fd","/static/js/3.023558db.chunk.js":"4a2058aeb29e1b6a92252760a91567841c265be6311bbdb18eb88c6f87bbb5da","/favicon.ico":"1c859fb4e3a3de6bfa3409b77ad793e4c9293ef494eeb732e6f9cdf1b16b8e6a","/static/js/3.023558db.chunk.js.map":"6b42d8d4ee62a7bbae05e88e5a2d7d728807997c7a642b6c4bd0702056aa95cf","/static/js/runtime-main.80276d83.js":"021f4deb945c38b687652944415bb648be53c08073f006423c78725bc1ce53f3","/static/css/main.518ce94c.chunk.css.map":"fa84bd56e347c3dc0bdefd9dde50ae427f694242c302146bc828b8a1a607acbc","/static/js/runtime-main.80276d83.js.map":"e833b267559d12cc7687973880c07fb9fed10ec0ada1c9f4abc08ff29e159df6","/apple-touch-icon.png":"d61a6b34492af31ddd8c816e216c1c15a75248b34b313b52b120d5fa637ba924","/android-chrome-192x192.png":"acb5d1b0249a79e512739da03ddd05799a8f0567df81d96b86cd61e545d76007","/static/js/main.ea0de0fd.chunk.js":"40e5cd22425cae2db30057e3e2b2ac1a4bf825383b9d90c6e86d2d1ad4cf3d01","/static/media/poke-closed.c9160fa9.png":"3190cd559f1631d484abdff9d8d7948127ca0c0a542d2ccce323bc8b34b81ab6","/static/media/backpack.43c7725a.png":"a0aa08a0c37e2b475a24d7b52dc67ab68978dee983e87ea79f373152369285f0","/static/js/main.ea0de0fd.chunk.js.map":"404d55b79955bc932c25c6335152bb411e7a1c9a5cfa7ca0522093e881abce69","/static/media/poke-open.fee62b40.png":"5f8162e097cbcabf5f08d32ed4166cde751389521896c1619b30ae499fc45e1d","/android-chrome-512x512.png":"3fa8051dad430d611042924bc586e04b1d2bae432d38f87a62695b0d0ace73c3","/static/media/logo-pokemon.22d17cf7.png":"391f068cf2ab4a5120207667ce8b657f0c76e3ba27d61c7f419e51735ea958dc","/static/media/pokedex.211cda57.jpeg":"1069ff61cd2b80cb3074f94f9f01c04f5db98fac012778d6ed442369d02eddb0","/static/js/2.9869a2fe.chunk.js":"014322b413e343b727748f850a41aac4eaf9349201e019457e1f3b51ce5ff6e1","/static/media/pokemon-rename.b91997d4.png":"8a6c5af7b6689a6ad61a882e3ea907287c9b3422ca6864e5dfda44e62c45f896","/static/css/2.2e507039.chunk.css":"f857b831fc84d070b8f7960ad888aa40656c2365d694e2b3e86ac79f379d1a9d","/static/css/2.2e507039.chunk.css.map":"9bc2fcf389f54c4f8a7bbea99992cc968968dc8ac1bdbfed004a1ec0e4c4463e","/static/js/2.9869a2fe.chunk.js.map":"de7d5ea1d4fc5fca8622044b363e6225dbc0cee98adedcee2a469c46e609adfc"}}
[debug] [2021-08-18T18:49:15.913Z] <<< [apiv2][status] POST https://firebasehosting.googleapis.com/v1beta1/sites/pokemon-app-f443e/versions/21c63dd97d0dfc12:populateFiles 200
[debug] [2021-08-18T18:49:15.913Z] <<< [apiv2][body] POST https://firebasehosting.googleapis.com/v1beta1/sites/pokemon-app-f443e/versions/21c63dd97d0dfc12:populateFiles {"uploadRequiredHashes":["008b713c1f6857e2675afd744005d68fb323afedb1ccb0f7c066444c7904f0e0","404d55b79955bc932c25c6335152bb411e7a1c9a5cfa7ca0522093e881abce69","438eab4e1bab8df855faa047301dcd8cce4c8a815a1527502b0efc2270ad77fd","7072b2c591fb3729a9c55f055ab46c039ace5864bd39a59f4af4d3e88b523146","d61a6b34492af31ddd8c816e216c1c15a75248b34b313b52b120d5fa637ba924","1c859fb4e3a3de6bfa3409b77ad793e4c9293ef494eeb732e6f9cdf1b16b8e6a","40e5cd22425cae2db30057e3e2b2ac1a4bf825383b9d90c6e86d2d1ad4cf3d01","1f829d89e1ab2557dd97cb85985517fa7b495396d257c7d8d6d63d98acd20a3b","b866779e787f04b1b71de7e58a32e94f4c3c81ce3f3cb8bc553586b7c0ddf089","acb5d1b0249a79e512739da03ddd05799a8f0567df81d96b86cd61e545d76007","06aecca62abe79d3a6475d905973c614433f308e3b9748d0860c6ecfee7d62fe"],"uploadUrl":"https://upload-firebasehosting.googleapis.com/upload/sites/pokemon-app-f443e/versions/21c63dd97d0dfc12/files"}
[debug] [2021-08-18T18:49:15.916Z] >>> [apiv2][query] POST https://upload-firebasehosting.googleapis.com/upload/sites/pokemon-app-f443e/versions/21c63dd97d0dfc12/files/008b713c1f6857e2675afd744005d68fb323afedb1ccb0f7c066444c7904f0e0 [none]
[debug] [2021-08-18T18:49:15.916Z] >>> [apiv2][body] POST https://upload-firebasehosting.googleapis.com/upload/sites/pokemon-app-f443e/versions/21c63dd97d0dfc12/files/008b713c1f6857e2675afd744005d68fb323afedb1ccb0f7c066444c7904f0e0 [stream]
[debug] [2021-08-18T18:49:15.916Z] >>> [apiv2][query] POST https://upload-firebasehosting.googleapis.com/upload/sites/pokemon-app-f443e/versions/21c63dd97d0dfc12/files/404d55b79955bc932c25c6335152bb411e7a1c9a5cfa7ca0522093e881abce69 [none]
[debug] [2021-08-18T18:49:15.916Z] >>> [apiv2][body] POST https://upload-firebasehosting.googleapis.com/upload/sites/pokemon-app-f443e/versions/21c63dd97d0dfc12/files/404d55b79955bc932c25c6335152bb411e7a1c9a5cfa7ca0522093e881abce69 [stream]
[debug] [2021-08-18T18:49:15.917Z] >>> [apiv2][query] POST https://upload-firebasehosting.googleapis.com/upload/sites/pokemon-app-f443e/versions/21c63dd97d0dfc12/files/438eab4e1bab8df855faa047301dcd8cce4c8a815a1527502b0efc2270ad77fd [none]
[debug] [2021-08-18T18:49:15.917Z] >>> [apiv2][body] POST https://upload-firebasehosting.googleapis.com/upload/sites/pokemon-app-f443e/versions/21c63dd97d0dfc12/files/438eab4e1bab8df855faa047301dcd8cce4c8a815a1527502b0efc2270ad77fd [stream]
[debug] [2021-08-18T18:49:15.918Z] >>> [apiv2][query] POST https://upload-firebasehosting.googleapis.com/upload/sites/pokemon-app-f443e/versions/21c63dd97d0dfc12/files/7072b2c591fb3729a9c55f055ab46c039ace5864bd39a59f4af4d3e88b523146 [none]
[debug] [2021-08-18T18:49:15.918Z] >>> [apiv2][body] POST https://upload-firebasehosting.googleapis.com/upload/sites/pokemon-app-f443e/versions/21c63dd97d0dfc12/files/7072b2c591fb3729a9c55f055ab46c039ace5864bd39a59f4af4d3e88b523146 [stream]
[debug] [2021-08-18T18:49:15.918Z] >>> [apiv2][query] POST https://upload-firebasehosting.googleapis.com/upload/sites/pokemon-app-f443e/versions/21c63dd97d0dfc12/files/d61a6b34492af31ddd8c816e216c1c15a75248b34b313b52b120d5fa637ba924 [none]
[debug] [2021-08-18T18:49:15.919Z] >>> [apiv2][body] POST https://upload-firebasehosting.googleapis.com/upload/sites/pokemon-app-f443e/versions/21c63dd97d0dfc12/files/d61a6b34492af31ddd8c816e216c1c15a75248b34b313b52b120d5fa637ba924 [stream]
[debug] [2021-08-18T18:49:15.919Z] >>> [apiv2][query] POST https://upload-firebasehosting.googleapis.com/upload/sites/pokemon-app-f443e/versions/21c63dd97d0dfc12/files/1c859fb4e3a3de6bfa3409b77ad793e4c9293ef494eeb732e6f9cdf1b16b8e6a [none]
[debug] [2021-08-18T18:49:15.919Z] >>> [apiv2][body] POST https://upload-firebasehosting.googleapis.com/upload/sites/pokemon-app-f443e/versions/21c63dd97d0dfc12/files/1c859fb4e3a3de6bfa3409b77ad793e4c9293ef494eeb732e6f9cdf1b16b8e6a [stream]
[debug] [2021-08-18T18:49:15.920Z] >>> [apiv2][query] POST https://upload-firebasehosting.googleapis.com/upload/sites/pokemon-app-f443e/versions/21c63dd97d0dfc12/files/40e5cd22425cae2db30057e3e2b2ac1a4bf825383b9d90c6e86d2d1ad4cf3d01 [none]
[debug] [2021-08-18T18:49:15.920Z] >>> [apiv2][body] POST https://upload-firebasehosting.googleapis.com/upload/sites/pokemon-app-f443e/versions/21c63dd97d0dfc12/files/40e5cd22425cae2db30057e3e2b2ac1a4bf825383b9d90c6e86d2d1ad4cf3d01 [stream]
[debug] [2021-08-18T18:49:15.921Z] >>> [apiv2][query] POST https://upload-firebasehosting.googleapis.com/upload/sites/pokemon-app-f443e/versions/21c63dd97d0dfc12/files/1f829d89e1ab2557dd97cb85985517fa7b495396d257c7d8d6d63d98acd20a3b [none]
[debug] [2021-08-18T18:49:15.921Z] >>> [apiv2][body] POST https://upload-firebasehosting.googleapis.com/upload/sites/pokemon-app-f443e/versions/21c63dd97d0dfc12/files/1f829d89e1ab2557dd97cb85985517fa7b495396d257c7d8d6d63d98acd20a3b [stream]
[debug] [2021-08-18T18:49:15.926Z] >>> [apiv2][query] POST https://upload-firebasehosting.googleapis.com/upload/sites/pokemon-app-f443e/versions/21c63dd97d0dfc12/files/b866779e787f04b1b71de7e58a32e94f4c3c81ce3f3cb8bc553586b7c0ddf089 [none]
[debug] [2021-08-18T18:49:15.926Z] >>> [apiv2][body] POST https://upload-firebasehosting.googleapis.com/upload/sites/pokemon-app-f443e/versions/21c63dd97d0dfc12/files/b866779e787f04b1b71de7e58a32e94f4c3c81ce3f3cb8bc553586b7c0ddf089 [stream]
[debug] [2021-08-18T18:49:15.927Z] >>> [apiv2][query] POST https://upload-firebasehosting.googleapis.com/upload/sites/pokemon-app-f443e/versions/21c63dd97d0dfc12/files/acb5d1b0249a79e512739da03ddd05799a8f0567df81d96b86cd61e545d76007 [none]
[debug] [2021-08-18T18:49:15.927Z] >>> [apiv2][body] POST https://upload-firebasehosting.googleapis.com/upload/sites/pokemon-app-f443e/versions/21c63dd97d0dfc12/files/acb5d1b0249a79e512739da03ddd05799a8f0567df81d96b86cd61e545d76007 [stream]
[debug] [2021-08-18T18:49:15.927Z] >>> [apiv2][query] POST https://upload-firebasehosting.googleapis.com/upload/sites/pokemon-app-f443e/versions/21c63dd97d0dfc12/files/06aecca62abe79d3a6475d905973c614433f308e3b9748d0860c6ecfee7d62fe [none]
[debug] [2021-08-18T18:49:15.928Z] >>> [apiv2][body] POST https://upload-firebasehosting.googleapis.com/upload/sites/pokemon-app-f443e/versions/21c63dd97d0dfc12/files/06aecca62abe79d3a6475d905973c614433f308e3b9748d0860c6ecfee7d62fe [stream]
[debug] [2021-08-18T18:49:15.928Z] [hosting][populate queue][FINAL] {"max":1912,"min":1912,"avg":1912,"active":0,"complete":1,"success":1,"errored":0,"retried":0,"total":1,"elapsed":1925}
[debug] [2021-08-18T18:49:15.929Z] [hosting] uploads queued: 11
